<?xml version="1.0" encoding="UTF-8" ?>
<testsuite tests="6" failures="1" name="com.szy.o2o.dao.ProductDaoTest" time="0.044" errors="0" skipped="4">
  <properties>
[...]
</properties>
  <testcase classname="com.szy.o2o.dao.ProductDaoTest" name="testAInsertProduct" time="0">
    <skipped/>
    <system-err>���� 06, 2018 6:45:56 ���� org.springframework.test.context.support.DefaultTestContextBootstrapper getDefaultTestExecutionListenerClassNames
��Ϣ: Loaded default TestExecutionListener class names from location [META-INF/spring.factories]: [org.springframework.test.context.web.ServletTestExecutionListener, org.springframework.test.context.support.DirtiesContextBeforeModesTestExecutionListener, org.springframework.test.context.support.DependencyInjectionTestExecutionListener, org.springframework.test.context.support.DirtiesContextTestExecutionListener, org.springframework.test.context.transaction.TransactionalTestExecutionListener, org.springframework.test.context.jdbc.SqlScriptsTestExecutionListener]
���� 06, 2018 6:45:56 ���� org.springframework.test.context.support.DefaultTestContextBootstrapper getTestExecutionListeners
��Ϣ: Using TestExecutionListeners: [org.springframework.test.context.web.ServletTestExecutionListener@295eaa7c, org.springframework.test.context.support.DirtiesContextBeforeModesTestExecutionListener@3918c187, org.springframework.test.context.support.DependencyInjectionTestExecutionListener@2c88b9fc, org.springframework.test.context.support.DirtiesContextTestExecutionListener@64dafeed, org.springframework.test.context.transaction.TransactionalTestExecutionListener@388ba540, org.springframework.test.context.jdbc.SqlScriptsTestExecutionListener@47605f2f]
</system-err>
  </testcase>
  <testcase classname="com.szy.o2o.dao.ProductDaoTest" name="testBqueryProductList" time="0.001">
    <skipped/>
  </testcase>
  <testcase classname="com.szy.o2o.dao.ProductDaoTest" name="testDUpdateProduct" time="0.001">
    <skipped/>
  </testcase>
  <testcase classname="com.szy.o2o.dao.ProductDaoTest" name="testEUpdateProductCategoryToNull" time="0.021">
    <failure message="expected:&lt;1&gt; but was:&lt;0&gt;" type="java.lang.AssertionError">java.lang.AssertionError: expected:&lt;1&gt; but was:&lt;0&gt;
	at org.junit.Assert.fail(Assert.java:88)
	at org.junit.Assert.failNotEquals(Assert.java:834)
	at org.junit.Assert.assertEquals(Assert.java:645)
	at org.junit.Assert.assertEquals(Assert.java:631)
	at com.szy.o2o.dao.ProductDaoTest.testEUpdateProductCategoryToNull(ProductDaoTest.java:149)
	at sun.reflect.NativeMethodAccessorImpl.invoke0(Native Method)
	at sun.reflect.NativeMethodAccessorImpl.invoke(NativeMethodAccessorImpl.java:62)
	at sun.reflect.DelegatingMethodAccessorImpl.invoke(DelegatingMethodAccessorImpl.java:43)
	at java.lang.reflect.Method.invoke(Method.java:498)
	at org.junit.runners.model.FrameworkMethod$1.runReflectiveCall(FrameworkMethod.java:50)
	at org.junit.internal.runners.model.ReflectiveCallable.run(ReflectiveCallable.java:12)
	at org.junit.runners.model.FrameworkMethod.invokeExplosively(FrameworkMethod.java:47)
	at org.junit.internal.runners.statements.InvokeMethod.evaluate(InvokeMethod.java:17)
	at org.springframework.test.context.junit4.statements.RunBeforeTestMethodCallbacks.evaluate(RunBeforeTestMethodCallbacks.java:75)
	at org.springframework.test.context.junit4.statements.RunAfterTestMethodCallbacks.evaluate(RunAfterTestMethodCallbacks.java:86)
	at org.springframework.test.context.junit4.statements.SpringRepeat.evaluate(SpringRepeat.java:84)
	at org.junit.runners.ParentRunner.runLeaf(ParentRunner.java:325)
	at org.springframework.test.context.junit4.SpringJUnit4ClassRunner.runChild(SpringJUnit4ClassRunner.java:252)
	at org.springframework.test.context.junit4.SpringJUnit4ClassRunner.runChild(SpringJUnit4ClassRunner.java:94)
	at org.junit.runners.ParentRunner$3.run(ParentRunner.java:290)
	at org.junit.runners.ParentRunner$1.schedule(ParentRunner.java:71)
	at org.junit.runners.ParentRunner.runChildren(ParentRunner.java:288)
	at org.junit.runners.ParentRunner.access$000(ParentRunner.java:58)
	at org.junit.runners.ParentRunner$2.evaluate(ParentRunner.java:268)
	at org.springframework.test.context.junit4.statements.RunBeforeTestClassCallbacks.evaluate(RunBeforeTestClassCallbacks.java:61)
	at org.springframework.test.context.junit4.statements.RunAfterTestClassCallbacks.evaluate(RunAfterTestClassCallbacks.java:70)
	at org.junit.runners.ParentRunner.run(ParentRunner.java:363)
	at org.springframework.test.context.junit4.SpringJUnit4ClassRunner.run(SpringJUnit4ClassRunner.java:191)
	at org.apache.maven.surefire.junit4.JUnit4Provider.execute(JUnit4Provider.java:252)
	at org.apache.maven.surefire.junit4.JUnit4Provider.executeTestSet(JUnit4Provider.java:141)
	at org.apache.maven.surefire.junit4.JUnit4Provider.invoke(JUnit4Provider.java:112)
	at sun.reflect.NativeMethodAccessorImpl.invoke0(Native Method)
	at sun.reflect.NativeMethodAccessorImpl.invoke(NativeMethodAccessorImpl.java:62)
	at sun.reflect.DelegatingMethodAccessorImpl.invoke(DelegatingMethodAccessorImpl.java:43)
	at java.lang.reflect.Method.invoke(Method.java:498)
	at org.apache.maven.surefire.util.ReflectionUtils.invokeMethodWithArray(ReflectionUtils.java:189)
	at org.apache.maven.surefire.booter.ProviderFactory$ProviderProxy.invoke(ProviderFactory.java:165)
	at org.apache.maven.surefire.booter.ProviderFactory.invokeProvider(ProviderFactory.java:85)
	at org.apache.maven.surefire.booter.ForkedBooter.runSuitesInProcess(ForkedBooter.java:115)
	at org.apache.maven.surefire.booter.ForkedBooter.main(ForkedBooter.java:75)
</failure>
    <system-out>2018-04-06 18:45:56.309 [main] DEBUG c.s.o2o.dao.ProductDao.updateProductCategoryToNull - ==&gt;  Preparing: UPDATE tb_product SET product_category_id = null WHERE product_category_id = ? 
2018-04-06 18:45:56.309 [main] DEBUG c.s.o2o.dao.ProductDao.updateProductCategoryToNull - ==&gt; Parameters: 4(Long)
2018-04-06 18:45:56.333 [main] DEBUG c.s.o2o.dao.ProductDao.updateProductCategoryToNull - &lt;==    Updates: 0
</system-out>
  </testcase>
  <testcase classname="com.szy.o2o.dao.ProductDaoTest" name="testQueryProductById" time="0.021">
    <skipped/>
  </testcase>
  <testcase classname="com.szy.o2o.dao.ProductDaoTest" name="test" time="0"/>
</testsuite>